Build started 10/13/2014 2:15:46 PM.
     1>Project "C:\Users\RezaulAkram\Desktop\Panaroma\Panorama_skeleton\CameraPose\CameraPose.vcxproj" on node 3 (build target(s)).
     1>InitializeBuildStatus:
         Creating "Debug\CameraPose.unsuccessfulbuild" because "AlwaysCreate" was specified.
       ClCompile:
         C:\Program Files\Microsoft Visual Studio 10.0\VC\bin\CL.exe /c /I..\MyLibs /IE:\Libraries\OpenCV\opencv\build\include /IE:\Libraries\OpenCV\opencv\build\include\opencv /ZI /nologo /W3 /WX- /Od /Oy- /D WIN32 /D _DEBUG /D _CONSOLE /D _UNICODE /D UNICODE /Gm /EHsc /RTC1 /MDd /GS /fp:precise /Zc:wchar_t /Zc:forScope /Fo"Debug\\" /Fd"Debug\vc100.pdb" /Gd /TP /analyze- /errorReport:prompt CameraPose.cpp
         CameraPose.cpp
     1>c:\users\rezaulakram\desktop\panaroma\panorama_skeleton\camerapose\camerapose.cpp(93): warning C4244: '=' : conversion from 'double' to 'float', possible loss of data
     1>c:\users\rezaulakram\desktop\panaroma\panorama_skeleton\camerapose\camerapose.cpp(202): warning C4018: '<' : signed/unsigned mismatch
     1>c:\users\rezaulakram\desktop\panaroma\panorama_skeleton\camerapose\camerapose.cpp(301): warning C4018: '<' : signed/unsigned mismatch
     1>c:\users\rezaulakram\desktop\panaroma\panorama_skeleton\camerapose\camerapose.cpp(372): warning C4018: '<' : signed/unsigned mismatch
       ManifestResourceCompile:
         All outputs are up-to-date.
       Link:
         C:\Program Files\Microsoft Visual Studio 10.0\VC\bin\link.exe /ERRORREPORT:PROMPT /OUT:"C:\Users\RezaulAkram\Desktop\Panaroma\Panorama_skeleton\Debug\CameraPose.exe" /INCREMENTAL /NOLOGO ..\Debug\MyLibs.lib ..\Third_Party_Libs\clapack\lib\blas.lib ..\Third_Party_Libs\clapack\lib\lapack.lib ..\Third_Party_Libs\clapack\lib\libf2c.lib ..\Third_Party_Libs\sba\sba.lib E:\Libraries\OpenCV\opencv\build\x86\vc10\lib\opencv_calib3d248d.lib E:\Libraries\OpenCV\opencv\build\x86\vc10\lib\opencv_core248d.lib E:\Libraries\OpenCV\opencv\build\x86\vc10\lib\opencv_features2d248d.lib E:\Libraries\OpenCV\opencv\build\x86\vc10\lib\opencv_flann248d.lib E:\Libraries\OpenCV\opencv\build\x86\vc10\lib\opencv_highgui248d.lib E:\Libraries\OpenCV\opencv\build\x86\vc10\lib\opencv_imgproc248d.lib kernel32.lib user32.lib gdi32.lib winspool.lib comdlg32.lib advapi32.lib shell32.lib ole32.lib oleaut32.lib uuid.lib odbc32.lib odbccp32.lib /MANIFEST /ManifestFile:"Debug\CameraPose.exe.intermediate.manifest" /MANIFESTUAC:"level='asInvoker' uiAccess='false'" /DEBUG /PDB:"C:\Users\RezaulAkram\Desktop\Panaroma\Panorama_skeleton\Debug\CameraPose.pdb" /SUBSYSTEM:CONSOLE /TLBID:1 /DYNAMICBASE /NXCOMPAT /IMPLIB:"C:\Users\RezaulAkram\Desktop\Panaroma\Panorama_skeleton\Debug\CameraPose.lib" /MACHINE:X86 Debug\CameraPose.exe.embed.manifest.res
         Debug\CameraPose.obj
       Manifest:
         C:\Program Files\Microsoft SDKs\Windows\v7.0A\bin\mt.exe /nologo /verbose /out:"Debug\CameraPose.exe.embed.manifest" /manifest Debug\CameraPose.exe.intermediate.manifest
         All outputs are up-to-date.
       LinkEmbedManifest:
         All outputs are up-to-date.
         CameraPose.vcxproj -> C:\Users\RezaulAkram\Desktop\Panaroma\Panorama_skeleton\Debug\CameraPose.exe
       FinalizeBuildStatus:
         Deleting file "Debug\CameraPose.unsuccessfulbuild".
         Touching "Debug\CameraPose.lastbuildstate".
     1>Done Building Project "C:\Users\RezaulAkram\Desktop\Panaroma\Panorama_skeleton\CameraPose\CameraPose.vcxproj" (build target(s)).

Build succeeded.

Time Elapsed 00:00:06.74
