Build started 10/13/2014 2:43:48 PM.
     1>Project "C:\Users\RezaulAkram\Desktop\Panaroma\Panorama_skeleton\MatchPair\MatchPair.vcxproj" on node 2 (build target(s)).
     1>InitializeBuildStatus:
         Creating "Release\MatchPair.unsuccessfulbuild" because "AlwaysCreate" was specified.
       ClCompile:
         C:\Program Files\Microsoft Visual Studio 10.0\VC\bin\CL.exe /c /I..\MyLibs /IE:\Libraries\OpenCV\opencv\build\include /IE:\Libraries\OpenCV\opencv\build\include\opencv /Zi /nologo /W3 /WX- /O2 /Oi /Oy- /GL /D WIN32 /D NDEBUG /D _CONSOLE /D _UNICODE /D UNICODE /Gm- /EHsc /MD /GS /Gy /fp:precise /Zc:wchar_t /Zc:forScope /Fo"Release\\" /Fd"Release\vc100.pdb" /Gd /TP /analyze- /errorReport:prompt MatchPair.cpp
         MatchPair.cpp
     1>e:\libraries\opencv\opencv\build\include\opencv2\flann\logger.h(66): warning C4996: 'fopen': This function or variable may be unsafe. Consider using fopen_s instead. To disable deprecation, use _CRT_SECURE_NO_WARNINGS. See online help for details.
                 C:\Program Files\Microsoft Visual Studio 10.0\VC\include\stdio.h(234) : see declaration of 'fopen'
     1>MatchPair.cpp(10): warning C4996: 'fopen': This function or variable may be unsafe. Consider using fopen_s instead. To disable deprecation, use _CRT_SECURE_NO_WARNINGS. See online help for details.
                 C:\Program Files\Microsoft Visual Studio 10.0\VC\include\stdio.h(234) : see declaration of 'fopen'
     1>MatchPair.cpp(13): warning C4996: 'fscanf': This function or variable may be unsafe. Consider using fscanf_s instead. To disable deprecation, use _CRT_SECURE_NO_WARNINGS. See online help for details.
                 C:\Program Files\Microsoft Visual Studio 10.0\VC\include\stdio.h(253) : see declaration of 'fscanf'
     1>MatchPair.cpp(38): warning C4996: 'sprintf': This function or variable may be unsafe. Consider using sprintf_s instead. To disable deprecation, use _CRT_SECURE_NO_WARNINGS. See online help for details.
                 C:\Program Files\Microsoft Visual Studio 10.0\VC\include\stdio.h(371) : see declaration of 'sprintf'
     1>MatchPair.cpp(41): warning C4996: 'sprintf': This function or variable may be unsafe. Consider using sprintf_s instead. To disable deprecation, use _CRT_SECURE_NO_WARNINGS. See online help for details.
                 C:\Program Files\Microsoft Visual Studio 10.0\VC\include\stdio.h(371) : see declaration of 'sprintf'
     1>MatchPair.cpp(48): warning C4996: 'sprintf': This function or variable may be unsafe. Consider using sprintf_s instead. To disable deprecation, use _CRT_SECURE_NO_WARNINGS. See online help for details.
                 C:\Program Files\Microsoft Visual Studio 10.0\VC\include\stdio.h(371) : see declaration of 'sprintf'
     1>MatchPair.cpp(50): warning C4996: 'sprintf': This function or variable may be unsafe. Consider using sprintf_s instead. To disable deprecation, use _CRT_SECURE_NO_WARNINGS. See online help for details.
                 C:\Program Files\Microsoft Visual Studio 10.0\VC\include\stdio.h(371) : see declaration of 'sprintf'
     1>MatchPair.cpp(59): warning C4244: 'argument' : conversion from 'const double' to 'float', possible loss of data
     1>MatchPair.cpp(59): warning C4244: 'argument' : conversion from 'const double' to 'float', possible loss of data
     1>MatchPair.cpp(65): warning C4244: 'argument' : conversion from 'const double' to 'float', possible loss of data
     1>MatchPair.cpp(65): warning C4244: 'argument' : conversion from 'const double' to 'float', possible loss of data
     1>MatchPair.cpp(85): warning C4258: 'i' : definition from the for loop is ignored; the definition from the enclosing scope is used
                 MatchPair.cpp(70) : definition of 'i' ignored
                 MatchPair.cpp(19) : definition of 'i' used
     1>MatchPair.cpp(85): warning C4258: 'j' : definition from the for loop is ignored; the definition from the enclosing scope is used
                 MatchPair.cpp(63) : definition of 'j' ignored
                 MatchPair.cpp(20) : definition of 'j' used
       Link:
         C:\Program Files\Microsoft Visual Studio 10.0\VC\bin\link.exe /ERRORREPORT:PROMPT /OUT:"C:\Users\RezaulAkram\Desktop\Panaroma\Panorama_skeleton\Release\MatchPair.exe" /INCREMENTAL:NO /NOLOGO ..\Release\MyLibs.lib E:\Libraries\OpenCV\opencv\build\x86\vc10\lib\opencv_calib3d248.lib E:\Libraries\OpenCV\opencv\build\x86\vc10\lib\opencv_core248.lib E:\Libraries\OpenCV\opencv\build\x86\vc10\lib\opencv_features2d248.lib E:\Libraries\OpenCV\opencv\build\x86\vc10\lib\opencv_flann248.lib E:\Libraries\OpenCV\opencv\build\x86\vc10\lib\opencv_highgui248.lib E:\Libraries\OpenCV\opencv\build\x86\vc10\lib\opencv_imgproc248.lib kernel32.lib user32.lib gdi32.lib winspool.lib comdlg32.lib advapi32.lib shell32.lib ole32.lib oleaut32.lib uuid.lib odbc32.lib odbccp32.lib /MANIFEST /ManifestFile:"Release\MatchPair.exe.intermediate.manifest" /MANIFESTUAC:"level='asInvoker' uiAccess='false'" /DEBUG /PDB:"C:\Users\RezaulAkram\Desktop\Panaroma\Panorama_skeleton\Release\MatchPair.pdb" /SUBSYSTEM:CONSOLE /OPT:REF /OPT:ICF /LTCG /TLBID:1 /DYNAMICBASE /NXCOMPAT /IMPLIB:"C:\Users\RezaulAkram\Desktop\Panaroma\Panorama_skeleton\Release\MatchPair.lib" /MACHINE:X86 Release\MatchPair.obj
         Generating code
         Finished generating code
         MatchPair.vcxproj -> C:\Users\RezaulAkram\Desktop\Panaroma\Panorama_skeleton\Release\MatchPair.exe
       Manifest:
         C:\Program Files\Microsoft SDKs\Windows\v7.0A\bin\mt.exe /nologo /verbose /outputresource:"C:\Users\RezaulAkram\Desktop\Panaroma\Panorama_skeleton\Release\MatchPair.exe;#1" /manifest Release\MatchPair.exe.intermediate.manifest
       FinalizeBuildStatus:
         Deleting file "Release\MatchPair.unsuccessfulbuild".
         Touching "Release\MatchPair.lastbuildstate".
     1>Done Building Project "C:\Users\RezaulAkram\Desktop\Panaroma\Panorama_skeleton\MatchPair\MatchPair.vcxproj" (build target(s)).

Build succeeded.

Time Elapsed 00:00:04.17
