Build started 10/13/2014 2:15:47 PM.
     1>Project "C:\Users\RezaulAkram\Desktop\Panaroma\Panorama_skeleton\AlignPair\AlignPair.vcxproj" on node 3 (build target(s)).
     1>InitializeBuildStatus:
         Creating "Debug\AlignPair.unsuccessfulbuild" because "AlwaysCreate" was specified.
       ClCompile:
         C:\Program Files\Microsoft Visual Studio 10.0\VC\bin\CL.exe /c /I..\MyLibs /IE:\Libraries\OpenCV\opencv\build\include /IE:\Libraries\OpenCV\opencv\build\include\opencv /ZI /nologo /W3 /WX- /Od /Oy- /D WIN32 /D _DEBUG /D _CONSOLE /D _UNICODE /D UNICODE /Gm /EHsc /RTC1 /MDd /GS /fp:precise /Zc:wchar_t /Zc:forScope /Fo"Debug\\" /Fd"Debug\vc100.pdb" /Gd /TP /analyze- /errorReport:prompt AlignPair.cpp
         AlignPair.cpp
     1>e:\libraries\opencv\opencv\build\include\opencv2\flann\logger.h(66): warning C4996: 'fopen': This function or variable may be unsafe. Consider using fopen_s instead. To disable deprecation, use _CRT_SECURE_NO_WARNINGS. See online help for details.
                 c:\program files\microsoft visual studio 10.0\vc\include\stdio.h(234) : see declaration of 'fopen'
     1>c:\users\rezaulakram\desktop\panaroma\panorama_skeleton\alignpair\alignpair.cpp(23): warning C4244: 'argument' : conversion from 'time_t' to 'unsigned int', possible loss of data
     1>c:\users\rezaulakram\desktop\panaroma\panorama_skeleton\alignpair\alignpair.cpp(35): warning C4244: '=' : conversion from 'double' to 'float', possible loss of data
     1>c:\users\rezaulakram\desktop\panaroma\panorama_skeleton\alignpair\alignpair.cpp(48): warning C4996: 'sprintf': This function or variable may be unsafe. Consider using sprintf_s instead. To disable deprecation, use _CRT_SECURE_NO_WARNINGS. See online help for details.
                 c:\program files\microsoft visual studio 10.0\vc\include\stdio.h(371) : see declaration of 'sprintf'
     1>c:\users\rezaulakram\desktop\panaroma\panorama_skeleton\alignpair\alignpair.cpp(51): warning C4996: 'sprintf': This function or variable may be unsafe. Consider using sprintf_s instead. To disable deprecation, use _CRT_SECURE_NO_WARNINGS. See online help for details.
                 c:\program files\microsoft visual studio 10.0\vc\include\stdio.h(371) : see declaration of 'sprintf'
     1>c:\users\rezaulakram\desktop\panaroma\panorama_skeleton\alignpair\alignpair.cpp(194): warning C4244: '=' : conversion from 'const double' to 'float', possible loss of data
     1>c:\users\rezaulakram\desktop\panaroma\panorama_skeleton\alignpair\alignpair.cpp(195): warning C4244: '=' : conversion from 'const double' to 'float', possible loss of data
     1>c:\users\rezaulakram\desktop\panaroma\panorama_skeleton\alignpair\alignpair.cpp(198): warning C4244: '=' : conversion from 'const double' to 'float', possible loss of data
     1>c:\users\rezaulakram\desktop\panaroma\panorama_skeleton\alignpair\alignpair.cpp(199): warning C4244: '=' : conversion from 'const double' to 'float', possible loss of data
     1>c:\users\rezaulakram\desktop\panaroma\panorama_skeleton\alignpair\alignpair.cpp(129): warning C4101: 'dB' : unreferenced local variable
     1>c:\users\rezaulakram\desktop\panaroma\panorama_skeleton\alignpair\alignpair.cpp(128): warning C4101: 'dA' : unreferenced local variable
       ManifestResourceCompile:
         All outputs are up-to-date.
       Link:
         C:\Program Files\Microsoft Visual Studio 10.0\VC\bin\link.exe /ERRORREPORT:PROMPT /OUT:"C:\Users\RezaulAkram\Desktop\Panaroma\Panorama_skeleton\Debug\AlignPair.exe" /INCREMENTAL /NOLOGO ..\Debug\MyLibs.lib E:\Libraries\OpenCV\opencv\build\x86\vc10\lib\opencv_calib3d248d.lib E:\Libraries\OpenCV\opencv\build\x86\vc10\lib\opencv_core248d.lib E:\Libraries\OpenCV\opencv\build\x86\vc10\lib\opencv_features2d248d.lib E:\Libraries\OpenCV\opencv\build\x86\vc10\lib\opencv_flann248d.lib E:\Libraries\OpenCV\opencv\build\x86\vc10\lib\opencv_highgui248d.lib E:\Libraries\OpenCV\opencv\build\x86\vc10\lib\opencv_imgproc248d.lib kernel32.lib user32.lib gdi32.lib winspool.lib comdlg32.lib advapi32.lib shell32.lib ole32.lib oleaut32.lib uuid.lib odbc32.lib odbccp32.lib /MANIFEST /ManifestFile:"Debug\AlignPair.exe.intermediate.manifest" /MANIFESTUAC:"level='asInvoker' uiAccess='false'" /DEBUG /PDB:"C:\Users\RezaulAkram\Desktop\Panaroma\Panorama_skeleton\Debug\AlignPair.pdb" /SUBSYSTEM:CONSOLE /TLBID:1 /DYNAMICBASE /NXCOMPAT /IMPLIB:"C:\Users\RezaulAkram\Desktop\Panaroma\Panorama_skeleton\Debug\AlignPair.lib" /MACHINE:X86 Debug\AlignPair.exe.embed.manifest.res
         Debug\AlignPair.obj
       Manifest:
         C:\Program Files\Microsoft SDKs\Windows\v7.0A\bin\mt.exe /nologo /verbose /out:"Debug\AlignPair.exe.embed.manifest" /manifest Debug\AlignPair.exe.intermediate.manifest
         All outputs are up-to-date.
       LinkEmbedManifest:
         All outputs are up-to-date.
         AlignPair.vcxproj -> C:\Users\RezaulAkram\Desktop\Panaroma\Panorama_skeleton\Debug\AlignPair.exe
       FinalizeBuildStatus:
         Deleting file "Debug\AlignPair.unsuccessfulbuild".
         Touching "Debug\AlignPair.lastbuildstate".
     1>Done Building Project "C:\Users\RezaulAkram\Desktop\Panaroma\Panorama_skeleton\AlignPair\AlignPair.vcxproj" (build target(s)).

Build succeeded.

Time Elapsed 00:00:04.73
